Analysis & Synthesis report for VGA
Sat Jul 06 22:55:12 2019
Quartus II 64-Bit Version 13.1.0 Build 162 10/23/2013 SJ Web Edition


---------------------
; Table of Contents ;
---------------------
  1. Legal Notice
  2. Analysis & Synthesis Summary
  3. Analysis & Synthesis Settings
  4. Parallel Compilation
  5. Analysis & Synthesis Source Files Read
  6. Analysis & Synthesis Resource Usage Summary
  7. Analysis & Synthesis Resource Utilization by Entity
  8. Analysis & Synthesis IP Cores Summary
  9. Registers Removed During Synthesis
 10. General Register Statistics
 11. Inverted Register Statistics
 12. Multiplexer Restructuring Statistics (Restructuring Performed)
 13. Source assignments for pll:C|pll_altpll_0:altpll_0
 14. Source assignments for pll:C|pll_altpll_0:altpll_0|pll_altpll_0_stdsync_sv6:stdsync2|pll_altpll_0_dffpipe_l2c:dffpipe3
 15. Parameter Settings for User Entity Instance: single_pulse_debounce:dbc
 16. Parameter Settings for Inferred Entity Instance: SYNC:C1|lpm_divide:Div0
 17. Parameter Settings for Inferred Entity Instance: SYNC:C1|lpm_divide:Div1
 18. Parameter Settings for Inferred Entity Instance: SYNC:C1|lpm_divide:Mod1
 19. Parameter Settings for Inferred Entity Instance: SYNC:C1|lpm_divide:Mod0
 20. Parameter Settings for Inferred Entity Instance: SYNC:C1|lpm_divide:Mod2
 21. Parameter Settings for Inferred Entity Instance: SYNC:C1|lpm_divide:Mod3
 22. Port Connectivity Checks: "SYNC:C1"
 23. Port Connectivity Checks: "pll:C|pll_altpll_0:altpll_0|pll_altpll_0_altpll_h542:sd1"
 24. Port Connectivity Checks: "pll:C|pll_altpll_0:altpll_0"
 25. Port Connectivity Checks: "single_pulse_debounce:dbc"
 26. Elapsed Time Per Partition
 27. Analysis & Synthesis Messages



----------------
; Legal Notice ;
----------------
Copyright (C) 1991-2013 Altera Corporation
Your use of Altera Corporation's design tools, logic functions 
and other software and tools, and its AMPP partner logic 
functions, and any output files from any of the foregoing 
(including device programming or simulation files), and any 
associated documentation or information are expressly subject 
to the terms and conditions of the Altera Program License 
Subscription Agreement, Altera MegaCore Function License 
Agreement, or other applicable license agreement, including, 
without limitation, that your use is for the sole purpose of 
programming logic devices manufactured by Altera and sold by 
Altera or its authorized distributors.  Please refer to the 
applicable agreement for further details.



+---------------------------------------------------------------------------------+
; Analysis & Synthesis Summary                                                    ;
+------------------------------------+--------------------------------------------+
; Analysis & Synthesis Status        ; Successful - Sat Jul 06 22:55:12 2019      ;
; Quartus II 64-Bit Version          ; 13.1.0 Build 162 10/23/2013 SJ Web Edition ;
; Revision Name                      ; VGA                                        ;
; Top-level Entity Name              ; VGA                                        ;
; Family                             ; Cyclone III                                ;
; Total logic elements               ; 1,583                                      ;
;     Total combinational functions  ; 1,578                                      ;
;     Dedicated logic registers      ; 125                                        ;
; Total registers                    ; 125                                        ;
; Total pins                         ; 22                                         ;
; Total virtual pins                 ; 0                                          ;
; Total memory bits                  ; 0                                          ;
; Embedded Multiplier 9-bit elements ; 0                                          ;
; Total PLLs                         ; 1                                          ;
+------------------------------------+--------------------------------------------+


+----------------------------------------------------------------------------------------------------------------------+
; Analysis & Synthesis Settings                                                                                        ;
+----------------------------------------------------------------------------+--------------------+--------------------+
; Option                                                                     ; Setting            ; Default Value      ;
+----------------------------------------------------------------------------+--------------------+--------------------+
; Device                                                                     ; EP3C16F484C6       ;                    ;
; Top-level entity name                                                      ; VGA                ; VGA                ;
; Family name                                                                ; Cyclone III        ; Cyclone IV GX      ;
; Use smart compilation                                                      ; Off                ; Off                ;
; Enable parallel Assembler and TimeQuest Timing Analyzer during compilation ; On                 ; On                 ;
; Enable compact report table                                                ; Off                ; Off                ;
; Restructure Multiplexers                                                   ; Auto               ; Auto               ;
; Create Debugging Nodes for IP Cores                                        ; Off                ; Off                ;
; Preserve fewer node names                                                  ; On                 ; On                 ;
; Disable OpenCore Plus hardware evaluation                                  ; Off                ; Off                ;
; Verilog Version                                                            ; Verilog_2001       ; Verilog_2001       ;
; VHDL Version                                                               ; VHDL_1993          ; VHDL_1993          ;
; State Machine Processing                                                   ; Auto               ; Auto               ;
; Safe State Machine                                                         ; Off                ; Off                ;
; Extract Verilog State Machines                                             ; On                 ; On                 ;
; Extract VHDL State Machines                                                ; On                 ; On                 ;
; Ignore Verilog initial constructs                                          ; Off                ; Off                ;
; Iteration limit for constant Verilog loops                                 ; 5000               ; 5000               ;
; Iteration limit for non-constant Verilog loops                             ; 250                ; 250                ;
; Add Pass-Through Logic to Inferred RAMs                                    ; On                 ; On                 ;
; Infer RAMs from Raw Logic                                                  ; On                 ; On                 ;
; Parallel Synthesis                                                         ; On                 ; On                 ;
; DSP Block Balancing                                                        ; Auto               ; Auto               ;
; NOT Gate Push-Back                                                         ; On                 ; On                 ;
; Power-Up Don't Care                                                        ; On                 ; On                 ;
; Remove Redundant Logic Cells                                               ; Off                ; Off                ;
; Remove Duplicate Registers                                                 ; On                 ; On                 ;
; Ignore CARRY Buffers                                                       ; Off                ; Off                ;
; Ignore CASCADE Buffers                                                     ; Off                ; Off                ;
; Ignore GLOBAL Buffers                                                      ; Off                ; Off                ;
; Ignore ROW GLOBAL Buffers                                                  ; Off                ; Off                ;
; Ignore LCELL Buffers                                                       ; Off                ; Off                ;
; Ignore SOFT Buffers                                                        ; On                 ; On                 ;
; Limit AHDL Integers to 32 Bits                                             ; Off                ; Off                ;
; Optimization Technique                                                     ; Balanced           ; Balanced           ;
; Carry Chain Length                                                         ; 70                 ; 70                 ;
; Auto Carry Chains                                                          ; On                 ; On                 ;
; Auto Open-Drain Pins                                                       ; On                 ; On                 ;
; Perform WYSIWYG Primitive Resynthesis                                      ; Off                ; Off                ;
; Auto ROM Replacement                                                       ; On                 ; On                 ;
; Auto RAM Replacement                                                       ; On                 ; On                 ;
; Auto DSP Block Replacement                                                 ; On                 ; On                 ;
; Auto Shift Register Replacement                                            ; Auto               ; Auto               ;
; Allow Shift Register Merging across Hierarchies                            ; Auto               ; Auto               ;
; Auto Clock Enable Replacement                                              ; On                 ; On                 ;
; Strict RAM Replacement                                                     ; Off                ; Off                ;
; Allow Synchronous Control Signals                                          ; On                 ; On                 ;
; Force Use of Synchronous Clear Signals                                     ; Off                ; Off                ;
; Auto RAM Block Balancing                                                   ; On                 ; On                 ;
; Auto RAM to Logic Cell Conversion                                          ; Off                ; Off                ;
; Auto Resource Sharing                                                      ; Off                ; Off                ;
; Allow Any RAM Size For Recognition                                         ; Off                ; Off                ;
; Allow Any ROM Size For Recognition                                         ; Off                ; Off                ;
; Allow Any Shift Register Size For Recognition                              ; Off                ; Off                ;
; Use LogicLock Constraints during Resource Balancing                        ; On                 ; On                 ;
; Ignore translate_off and synthesis_off directives                          ; Off                ; Off                ;
; Timing-Driven Synthesis                                                    ; On                 ; On                 ;
; Report Parameter Settings                                                  ; On                 ; On                 ;
; Report Source Assignments                                                  ; On                 ; On                 ;
; Report Connectivity Checks                                                 ; On                 ; On                 ;
; Ignore Maximum Fan-Out Assignments                                         ; Off                ; Off                ;
; Synchronization Register Chain Length                                      ; 2                  ; 2                  ;
; PowerPlay Power Optimization                                               ; Normal compilation ; Normal compilation ;
; HDL message level                                                          ; Level2             ; Level2             ;
; Suppress Register Optimization Related Messages                            ; Off                ; Off                ;
; Number of Removed Registers Reported in Synthesis Report                   ; 5000               ; 5000               ;
; Number of Swept Nodes Reported in Synthesis Report                         ; 5000               ; 5000               ;
; Number of Inverted Registers Reported in Synthesis Report                  ; 100                ; 100                ;
; Clock MUX Protection                                                       ; On                 ; On                 ;
; Auto Gated Clock Conversion                                                ; Off                ; Off                ;
; Block Design Naming                                                        ; Auto               ; Auto               ;
; SDC constraint protection                                                  ; Off                ; Off                ;
; Synthesis Effort                                                           ; Auto               ; Auto               ;
; Shift Register Replacement - Allow Asynchronous Clear Signal               ; On                 ; On                 ;
; Pre-Mapping Resynthesis Optimization                                       ; Off                ; Off                ;
; Analysis & Synthesis Message Level                                         ; Medium             ; Medium             ;
; Disable Register Merging Across Hierarchies                                ; Auto               ; Auto               ;
; Resource Aware Inference For Block RAM                                     ; On                 ; On                 ;
; Synthesis Seed                                                             ; 1                  ; 1                  ;
+----------------------------------------------------------------------------+--------------------+--------------------+


Parallel compilation was disabled, but you have multiple processors available. Enable parallel compilation to reduce compilation time.
+-------------------------------------+
; Parallel Compilation                ;
+----------------------------+--------+
; Processors                 ; Number ;
+----------------------------+--------+
; Number detected on machine ; 16     ;
; Maximum allowed            ; 1      ;
+----------------------------+--------+


+-------------------------------------------------------------------------------------------------------------------------------------------------------------------------------+
; Analysis & Synthesis Source Files Read                                                                                                                                        ;
+-----------------------------------------+-----------------+------------------------------+--------------------------------------------------------------------------+---------+
; File Name with User-Entered Path        ; Used in Netlist ; File Type                    ; File Name with Absolute Path                                             ; Library ;
+-----------------------------------------+-----------------+------------------------------+--------------------------------------------------------------------------+---------+
; single_pulse_debounce.vhd               ; yes             ; User VHDL File               ; F:/UTFPR/8Periodo/LogRep/VGA/VGA/single_pulse_debounce.vhd               ;         ;
; spaceInvadersConstants.vhd              ; yes             ; User VHDL File               ; F:/UTFPR/8Periodo/LogRep/VGA/VGA/spaceInvadersConstants.vhd              ;         ;
; pll/synthesis/pll.vhd                   ; yes             ; User VHDL File               ; F:/UTFPR/8Periodo/LogRep/VGA/VGA/pll/synthesis/pll.vhd                   ; pll     ;
; pll/synthesis/submodules/pll_altpll_0.v ; yes             ; User Verilog HDL File        ; F:/UTFPR/8Periodo/LogRep/VGA/VGA/pll/synthesis/submodules/pll_altpll_0.v ; pll     ;
; VGA.vhd                                 ; yes             ; User VHDL File               ; F:/UTFPR/8Periodo/LogRep/VGA/VGA/VGA.vhd                                 ;         ;
; Vhdl2.vhd                               ; yes             ; User VHDL File               ; F:/UTFPR/8Periodo/LogRep/VGA/VGA/Vhdl2.vhd                               ;         ;
; pcg.vhd                                 ; yes             ; User VHDL File               ; F:/UTFPR/8Periodo/LogRep/VGA/VGA/pcg.vhd                                 ;         ;
; lpm_divide.tdf                          ; yes             ; Megafunction                 ; f:/altera/13.1/quartus/libraries/megafunctions/lpm_divide.tdf            ;         ;
; abs_divider.inc                         ; yes             ; Megafunction                 ; f:/altera/13.1/quartus/libraries/megafunctions/abs_divider.inc           ;         ;
; sign_div_unsign.inc                     ; yes             ; Megafunction                 ; f:/altera/13.1/quartus/libraries/megafunctions/sign_div_unsign.inc       ;         ;
; aglobal131.inc                          ; yes             ; Megafunction                 ; f:/altera/13.1/quartus/libraries/megafunctions/aglobal131.inc            ;         ;
; db/lpm_divide_ivo.tdf                   ; yes             ; Auto-Generated Megafunction  ; F:/UTFPR/8Periodo/LogRep/VGA/VGA/db/lpm_divide_ivo.tdf                   ;         ;
; db/abs_divider_mbg.tdf                  ; yes             ; Auto-Generated Megafunction  ; F:/UTFPR/8Periodo/LogRep/VGA/VGA/db/abs_divider_mbg.tdf                  ;         ;
; db/alt_u_div_16f.tdf                    ; yes             ; Auto-Generated Megafunction  ; F:/UTFPR/8Periodo/LogRep/VGA/VGA/db/alt_u_div_16f.tdf                    ;         ;
; db/add_sub_unc.tdf                      ; yes             ; Auto-Generated Megafunction  ; F:/UTFPR/8Periodo/LogRep/VGA/VGA/db/add_sub_unc.tdf                      ;         ;
; db/add_sub_vnc.tdf                      ; yes             ; Auto-Generated Megafunction  ; F:/UTFPR/8Periodo/LogRep/VGA/VGA/db/add_sub_vnc.tdf                      ;         ;
; db/lpm_abs_st9.tdf                      ; yes             ; Auto-Generated Megafunction  ; F:/UTFPR/8Periodo/LogRep/VGA/VGA/db/lpm_abs_st9.tdf                      ;         ;
; db/lpm_abs_8v9.tdf                      ; yes             ; Auto-Generated Megafunction  ; F:/UTFPR/8Periodo/LogRep/VGA/VGA/db/lpm_abs_8v9.tdf                      ;         ;
; db/lpm_divide_hvo.tdf                   ; yes             ; Auto-Generated Megafunction  ; F:/UTFPR/8Periodo/LogRep/VGA/VGA/db/lpm_divide_hvo.tdf                   ;         ;
; db/abs_divider_lbg.tdf                  ; yes             ; Auto-Generated Megafunction  ; F:/UTFPR/8Periodo/LogRep/VGA/VGA/db/abs_divider_lbg.tdf                  ;         ;
; db/alt_u_div_v5f.tdf                    ; yes             ; Auto-Generated Megafunction  ; F:/UTFPR/8Periodo/LogRep/VGA/VGA/db/alt_u_div_v5f.tdf                    ;         ;
; db/lpm_abs_7v9.tdf                      ; yes             ; Auto-Generated Megafunction  ; F:/UTFPR/8Periodo/LogRep/VGA/VGA/db/lpm_abs_7v9.tdf                      ;         ;
; db/lpm_divide_voo.tdf                   ; yes             ; Auto-Generated Megafunction  ; F:/UTFPR/8Periodo/LogRep/VGA/VGA/db/lpm_divide_voo.tdf                   ;         ;
; db/abs_divider_0dg.tdf                  ; yes             ; Auto-Generated Megafunction  ; F:/UTFPR/8Periodo/LogRep/VGA/VGA/db/abs_divider_0dg.tdf                  ;         ;
; db/alt_u_div_l8f.tdf                    ; yes             ; Auto-Generated Megafunction  ; F:/UTFPR/8Periodo/LogRep/VGA/VGA/db/alt_u_div_l8f.tdf                    ;         ;
; db/lpm_divide_1po.tdf                   ; yes             ; Auto-Generated Megafunction  ; F:/UTFPR/8Periodo/LogRep/VGA/VGA/db/lpm_divide_1po.tdf                   ;         ;
; db/abs_divider_2dg.tdf                  ; yes             ; Auto-Generated Megafunction  ; F:/UTFPR/8Periodo/LogRep/VGA/VGA/db/abs_divider_2dg.tdf                  ;         ;
; db/alt_u_div_p8f.tdf                    ; yes             ; Auto-Generated Megafunction  ; F:/UTFPR/8Periodo/LogRep/VGA/VGA/db/alt_u_div_p8f.tdf                    ;         ;
+-----------------------------------------+-----------------+------------------------------+--------------------------------------------------------------------------+---------+


+--------------------------------------------------------------+
; Analysis & Synthesis Resource Usage Summary                  ;
+---------------------------------------------+----------------+
; Resource                                    ; Usage          ;
+---------------------------------------------+----------------+
; Estimated Total logic elements              ; 1,583          ;
;                                             ;                ;
; Total combinational functions               ; 1578           ;
; Logic element usage by number of LUT inputs ;                ;
;     -- 4 input functions                    ; 472            ;
;     -- 3 input functions                    ; 355            ;
;     -- <=2 input functions                  ; 751            ;
;                                             ;                ;
; Logic elements by mode                      ;                ;
;     -- normal mode                          ; 1064           ;
;     -- arithmetic mode                      ; 514            ;
;                                             ;                ;
; Total registers                             ; 125            ;
;     -- Dedicated logic registers            ; 125            ;
;     -- I/O registers                        ; 0              ;
;                                             ;                ;
; I/O pins                                    ; 22             ;
; Embedded Multiplier 9-bit elements          ; 0              ;
; Total PLLs                                  ; 1              ;
;     -- PLLs                                 ; 1              ;
;                                             ;                ;
; Maximum fan-out node                        ; CLOCK_50~input ;
; Maximum fan-out                             ; 99             ;
; Total fan-out                               ; 4788           ;
; Average fan-out                             ; 2.74           ;
+---------------------------------------------+----------------+


+---------------------------------------------------------------------------------------------------------------------------------------------------------------------------------------------------------------------------------------------------------------------------------+
; Analysis & Synthesis Resource Utilization by Entity                                                                                                                                                                                                                             ;
+------------------------------------------+-------------------+--------------+-------------+--------------+---------+-----------+------+--------------+-----------------------------------------------------------------------------------------------------------+--------------+
; Compilation Hierarchy Node               ; LC Combinationals ; LC Registers ; Memory Bits ; DSP Elements ; DSP 9x9 ; DSP 18x18 ; Pins ; Virtual Pins ; Full Hierarchy Name                                                                                       ; Library Name ;
+------------------------------------------+-------------------+--------------+-------------+--------------+---------+-----------+------+--------------+-----------------------------------------------------------------------------------------------------------+--------------+
; |VGA                                     ; 1578 (139)        ; 125 (72)     ; 0           ; 0            ; 0       ; 0         ; 22   ; 0            ; |VGA                                                                                                      ; work         ;
;    |SYNC:C1|                             ; 1388 (252)        ; 27 (27)      ; 0           ; 0            ; 0       ; 0         ; 0    ; 0            ; |VGA|SYNC:C1                                                                                              ; work         ;
;       |lpm_divide:Div0|                  ; 127 (0)           ; 0 (0)        ; 0           ; 0            ; 0       ; 0         ; 0    ; 0            ; |VGA|SYNC:C1|lpm_divide:Div0                                                                              ; work         ;
;          |lpm_divide_ivo:auto_generated| ; 127 (0)           ; 0 (0)        ; 0           ; 0            ; 0       ; 0         ; 0    ; 0            ; |VGA|SYNC:C1|lpm_divide:Div0|lpm_divide_ivo:auto_generated                                                ; work         ;
;             |abs_divider_mbg:divider|    ; 127 (12)          ; 0 (0)        ; 0           ; 0            ; 0       ; 0         ; 0    ; 0            ; |VGA|SYNC:C1|lpm_divide:Div0|lpm_divide_ivo:auto_generated|abs_divider_mbg:divider                        ; work         ;
;                |alt_u_div_16f:divider|   ; 114 (114)         ; 0 (0)        ; 0           ; 0            ; 0       ; 0         ; 0    ; 0            ; |VGA|SYNC:C1|lpm_divide:Div0|lpm_divide_ivo:auto_generated|abs_divider_mbg:divider|alt_u_div_16f:divider  ; work         ;
;                |lpm_abs_8v9:my_abs_num|  ; 1 (1)             ; 0 (0)        ; 0           ; 0            ; 0       ; 0         ; 0    ; 0            ; |VGA|SYNC:C1|lpm_divide:Div0|lpm_divide_ivo:auto_generated|abs_divider_mbg:divider|lpm_abs_8v9:my_abs_num ; work         ;
;       |lpm_divide:Div1|                  ; 121 (0)           ; 0 (0)        ; 0           ; 0            ; 0       ; 0         ; 0    ; 0            ; |VGA|SYNC:C1|lpm_divide:Div1                                                                              ; work         ;
;          |lpm_divide_hvo:auto_generated| ; 121 (0)           ; 0 (0)        ; 0           ; 0            ; 0       ; 0         ; 0    ; 0            ; |VGA|SYNC:C1|lpm_divide:Div1|lpm_divide_hvo:auto_generated                                                ; work         ;
;             |abs_divider_lbg:divider|    ; 121 (12)          ; 0 (0)        ; 0           ; 0            ; 0       ; 0         ; 0    ; 0            ; |VGA|SYNC:C1|lpm_divide:Div1|lpm_divide_hvo:auto_generated|abs_divider_lbg:divider                        ; work         ;
;                |alt_u_div_v5f:divider|   ; 108 (108)         ; 0 (0)        ; 0           ; 0            ; 0       ; 0         ; 0    ; 0            ; |VGA|SYNC:C1|lpm_divide:Div1|lpm_divide_hvo:auto_generated|abs_divider_lbg:divider|alt_u_div_v5f:divider  ; work         ;
;                |lpm_abs_7v9:my_abs_num|  ; 1 (1)             ; 0 (0)        ; 0           ; 0            ; 0       ; 0         ; 0    ; 0            ; |VGA|SYNC:C1|lpm_divide:Div1|lpm_divide_hvo:auto_generated|abs_divider_lbg:divider|lpm_abs_7v9:my_abs_num ; work         ;
;       |lpm_divide:Mod0|                  ; 225 (0)           ; 0 (0)        ; 0           ; 0            ; 0       ; 0         ; 0    ; 0            ; |VGA|SYNC:C1|lpm_divide:Mod0                                                                              ; work         ;
;          |lpm_divide_1po:auto_generated| ; 225 (0)           ; 0 (0)        ; 0           ; 0            ; 0       ; 0         ; 0    ; 0            ; |VGA|SYNC:C1|lpm_divide:Mod0|lpm_divide_1po:auto_generated                                                ; work         ;
;             |abs_divider_2dg:divider|    ; 225 (23)          ; 0 (0)        ; 0           ; 0            ; 0       ; 0         ; 0    ; 0            ; |VGA|SYNC:C1|lpm_divide:Mod0|lpm_divide_1po:auto_generated|abs_divider_2dg:divider                        ; work         ;
;                |alt_u_div_p8f:divider|   ; 188 (188)         ; 0 (0)        ; 0           ; 0            ; 0       ; 0         ; 0    ; 0            ; |VGA|SYNC:C1|lpm_divide:Mod0|lpm_divide_1po:auto_generated|abs_divider_2dg:divider|alt_u_div_p8f:divider  ; work         ;
;                |lpm_abs_8v9:my_abs_num|  ; 14 (14)           ; 0 (0)        ; 0           ; 0            ; 0       ; 0         ; 0    ; 0            ; |VGA|SYNC:C1|lpm_divide:Mod0|lpm_divide_1po:auto_generated|abs_divider_2dg:divider|lpm_abs_8v9:my_abs_num ; work         ;
;       |lpm_divide:Mod1|                  ; 205 (0)           ; 0 (0)        ; 0           ; 0            ; 0       ; 0         ; 0    ; 0            ; |VGA|SYNC:C1|lpm_divide:Mod1                                                                              ; work         ;
;          |lpm_divide_voo:auto_generated| ; 205 (0)           ; 0 (0)        ; 0           ; 0            ; 0       ; 0         ; 0    ; 0            ; |VGA|SYNC:C1|lpm_divide:Mod1|lpm_divide_voo:auto_generated                                                ; work         ;
;             |abs_divider_0dg:divider|    ; 205 (21)          ; 0 (0)        ; 0           ; 0            ; 0       ; 0         ; 0    ; 0            ; |VGA|SYNC:C1|lpm_divide:Mod1|lpm_divide_voo:auto_generated|abs_divider_0dg:divider                        ; work         ;
;                |alt_u_div_l8f:divider|   ; 168 (168)         ; 0 (0)        ; 0           ; 0            ; 0       ; 0         ; 0    ; 0            ; |VGA|SYNC:C1|lpm_divide:Mod1|lpm_divide_voo:auto_generated|abs_divider_0dg:divider|alt_u_div_l8f:divider  ; work         ;
;                |lpm_abs_7v9:my_abs_num|  ; 16 (16)           ; 0 (0)        ; 0           ; 0            ; 0       ; 0         ; 0    ; 0            ; |VGA|SYNC:C1|lpm_divide:Mod1|lpm_divide_voo:auto_generated|abs_divider_0dg:divider|lpm_abs_7v9:my_abs_num ; work         ;
;       |lpm_divide:Mod2|                  ; 238 (0)           ; 0 (0)        ; 0           ; 0            ; 0       ; 0         ; 0    ; 0            ; |VGA|SYNC:C1|lpm_divide:Mod2                                                                              ; work         ;
;          |lpm_divide_voo:auto_generated| ; 238 (0)           ; 0 (0)        ; 0           ; 0            ; 0       ; 0         ; 0    ; 0            ; |VGA|SYNC:C1|lpm_divide:Mod2|lpm_divide_voo:auto_generated                                                ; work         ;
;             |abs_divider_0dg:divider|    ; 238 (24)          ; 0 (0)        ; 0           ; 0            ; 0       ; 0         ; 0    ; 0            ; |VGA|SYNC:C1|lpm_divide:Mod2|lpm_divide_voo:auto_generated|abs_divider_0dg:divider                        ; work         ;
;                |alt_u_div_l8f:divider|   ; 196 (196)         ; 0 (0)        ; 0           ; 0            ; 0       ; 0         ; 0    ; 0            ; |VGA|SYNC:C1|lpm_divide:Mod2|lpm_divide_voo:auto_generated|abs_divider_0dg:divider|alt_u_div_l8f:divider  ; work         ;
;                |lpm_abs_7v9:my_abs_num|  ; 18 (18)           ; 0 (0)        ; 0           ; 0            ; 0       ; 0         ; 0    ; 0            ; |VGA|SYNC:C1|lpm_divide:Mod2|lpm_divide_voo:auto_generated|abs_divider_0dg:divider|lpm_abs_7v9:my_abs_num ; work         ;
;       |lpm_divide:Mod3|                  ; 220 (0)           ; 0 (0)        ; 0           ; 0            ; 0       ; 0         ; 0    ; 0            ; |VGA|SYNC:C1|lpm_divide:Mod3                                                                              ; work         ;
;          |lpm_divide_voo:auto_generated| ; 220 (0)           ; 0 (0)        ; 0           ; 0            ; 0       ; 0         ; 0    ; 0            ; |VGA|SYNC:C1|lpm_divide:Mod3|lpm_divide_voo:auto_generated                                                ; work         ;
;             |abs_divider_0dg:divider|    ; 220 (24)          ; 0 (0)        ; 0           ; 0            ; 0       ; 0         ; 0    ; 0            ; |VGA|SYNC:C1|lpm_divide:Mod3|lpm_divide_voo:auto_generated|abs_divider_0dg:divider                        ; work         ;
;                |alt_u_div_l8f:divider|   ; 196 (196)         ; 0 (0)        ; 0           ; 0            ; 0       ; 0         ; 0    ; 0            ; |VGA|SYNC:C1|lpm_divide:Mod3|lpm_divide_voo:auto_generated|abs_divider_0dg:divider|alt_u_div_l8f:divider  ; work         ;
;    |pll:C|                               ; 0 (0)             ; 0 (0)        ; 0           ; 0            ; 0       ; 0         ; 0    ; 0            ; |VGA|pll:C                                                                                                ; pll          ;
;       |pll_altpll_0:altpll_0|            ; 0 (0)             ; 0 (0)        ; 0           ; 0            ; 0       ; 0         ; 0    ; 0            ; |VGA|pll:C|pll_altpll_0:altpll_0                                                                          ; pll          ;
;          |pll_altpll_0_altpll_h542:sd1|  ; 0 (0)             ; 0 (0)        ; 0           ; 0            ; 0       ; 0         ; 0    ; 0            ; |VGA|pll:C|pll_altpll_0:altpll_0|pll_altpll_0_altpll_h542:sd1                                             ; pll          ;
;    |single_pulse_debounce:dbc|           ; 51 (51)           ; 26 (26)      ; 0           ; 0            ; 0       ; 0         ; 0    ; 0            ; |VGA|single_pulse_debounce:dbc                                                                            ; work         ;
+------------------------------------------+-------------------+--------------+-------------+--------------+---------+-----------+------+--------------+-----------------------------------------------------------------------------------------------------------+--------------+
Note: For table entries with two numbers listed, the numbers in parentheses indicate the number of resources of the given type used by the specific entity alone. The numbers listed outside of parentheses indicate the total resources of the given type used by the specific entity and all of its sub-entities in the hierarchy.


+---------------------------------------------------------------------------------------------------------------------------------+
; Analysis & Synthesis IP Cores Summary                                                                                           ;
+--------+--------------+---------+--------------+--------------+----------------------------------+------------------------------+
; Vendor ; IP Core Name ; Version ; Release Date ; License Type ; Entity Instance                  ; IP Include File              ;
+--------+--------------+---------+--------------+--------------+----------------------------------+------------------------------+
; Altera ; Qsys         ; 13.1    ; N/A          ; N/A          ; |VGA|pll:C                       ; pll/synthesis/../../pll.qsys ;
; Altera ; altpll       ; 13.1    ; N/A          ; N/A          ; |VGA|pll:C|pll_altpll_0:altpll_0 ; pll/synthesis/../../pll.qsys ;
+--------+--------------+---------+--------------+--------------+----------------------------------+------------------------------+


+---------------------------------------------------------------------------------+
; Registers Removed During Synthesis                                              ;
+----------------------------------------+----------------------------------------+
; Register name                          ; Reason for Removal                     ;
+----------------------------------------+----------------------------------------+
; players[0][0][0]                       ; Stuck at VCC due to stuck port data_in ;
; players[1][0][3]                       ; Stuck at VCC due to stuck port data_in ;
; players[1][0][1]                       ; Stuck at VCC due to stuck port data_in ;
; players[1][0][0]                       ; Stuck at VCC due to stuck port data_in ;
; players[0][0][3]                       ; Stuck at VCC due to stuck port data_in ;
; players[0][0][1]                       ; Stuck at VCC due to stuck port data_in ;
; SYNC:C1|R[1..3]                        ; Merged with SYNC:C1|R[0]               ;
; SYNC:C1|B[1..3]                        ; Merged with SYNC:C1|B[0]               ;
; SYNC:C1|G[1..3]                        ; Merged with SYNC:C1|G[0]               ;
; players[1][0][2]                       ; Merged with players[0][0][2]           ;
; pll:C|pll_altpll_0:altpll_0|prev_reset ; Stuck at GND due to stuck port data_in ;
; player1x[31]                           ; Stuck at GND due to stuck port data_in ;
; Total Number of Removed Registers = 18 ;                                        ;
+----------------------------------------+----------------------------------------+


+------------------------------------------------------+
; General Register Statistics                          ;
+----------------------------------------------+-------+
; Statistic                                    ; Value ;
+----------------------------------------------+-------+
; Total registers                              ; 125   ;
; Number of registers using Synchronous Clear  ; 22    ;
; Number of registers using Synchronous Load   ; 0     ;
; Number of registers using Asynchronous Clear ; 63    ;
; Number of registers using Asynchronous Load  ; 0     ;
; Number of registers using Clock Enable       ; 78    ;
; Number of registers using Preset             ; 0     ;
+----------------------------------------------+-------+


+---------------------------------------------------+
; Inverted Register Statistics                      ;
+-----------------------------------------+---------+
; Inverted Register                       ; Fan out ;
+-----------------------------------------+---------+
; players[0][1][0]                        ; 1       ;
; players[0][1][1]                        ; 1       ;
; players[0][1][3]                        ; 1       ;
; players[0][1][2]                        ; 1       ;
; players[0][0][2]                        ; 1       ;
; players[1][1][0]                        ; 1       ;
; players[1][1][1]                        ; 1       ;
; players[1][1][3]                        ; 1       ;
; players[1][1][2]                        ; 1       ;
; player1x[3]                             ; 2       ;
; player2x[0]                             ; 2       ;
; player2x[2]                             ; 2       ;
; player2x[1]                             ; 2       ;
; Total number of inverted registers = 13 ;         ;
+-----------------------------------------+---------+


+------------------------------------------------------------------------------------------------------------------------------------------------------+
; Multiplexer Restructuring Statistics (Restructuring Performed)                                                                                       ;
+--------------------+-----------+---------------+----------------------+------------------------+------------+----------------------------------------+
; Multiplexer Inputs ; Bus Width ; Baseline Area ; Area if Restructured ; Saving if Restructured ; Registered ; Example Multiplexer Output             ;
+--------------------+-----------+---------------+----------------------+------------------------+------------+----------------------------------------+
; 4:1                ; 7 bits    ; 14 LEs        ; 14 LEs               ; 0 LEs                  ; Yes        ; |VGA|single_pulse_debounce:dbc|temp[0] ;
; 3:1                ; 4 bits    ; 8 LEs         ; 8 LEs                ; 0 LEs                  ; No         ; |VGA|player1x                          ;
; 3:1                ; 4 bits    ; 8 LEs         ; 8 LEs                ; 0 LEs                  ; No         ; |VGA|player2x                          ;
+--------------------+-----------+---------------+----------------------+------------------------+------------+----------------------------------------+


+----------------------------------------------------+
; Source assignments for pll:C|pll_altpll_0:altpll_0 ;
+----------------+-------+------+--------------------+
; Assignment     ; Value ; From ; To                 ;
+----------------+-------+------+--------------------+
; POWER_UP_LEVEL ; HIGH  ; -    ; pfdena_reg         ;
+----------------+-------+------+--------------------+


+------------------------------------------------------------------------------------------------------------------------+
; Source assignments for pll:C|pll_altpll_0:altpll_0|pll_altpll_0_stdsync_sv6:stdsync2|pll_altpll_0_dffpipe_l2c:dffpipe3 ;
+---------------------------------+-------+------+-----------------------------------------------------------------------+
; Assignment                      ; Value ; From ; To                                                                    ;
+---------------------------------+-------+------+-----------------------------------------------------------------------+
; AUTO_SHIFT_REGISTER_RECOGNITION ; OFF   ; -    ; -                                                                     ;
+---------------------------------+-------+------+-----------------------------------------------------------------------+


+------------------------------------------------------------------------+
; Parameter Settings for User Entity Instance: single_pulse_debounce:dbc ;
+----------------+----------+--------------------------------------------+
; Parameter Name ; Value    ; Type                                       ;
+----------------+----------+--------------------------------------------+
; time_milis     ; 100      ; Signed Integer                             ;
; board_clk      ; 50000000 ; Signed Integer                             ;
+----------------+----------+--------------------------------------------+
Note: In order to hide this table in the UI and the text report file, please set the "Show Parameter Settings in Synthesis Report" option in "Analysis and Synthesis Settings -> More Settings" to "Off".


+--------------------------------------------------------------------------+
; Parameter Settings for Inferred Entity Instance: SYNC:C1|lpm_divide:Div0 ;
+------------------------+----------------+--------------------------------+
; Parameter Name         ; Value          ; Type                           ;
+------------------------+----------------+--------------------------------+
; LPM_WIDTHN             ; 13             ; Untyped                        ;
; LPM_WIDTHD             ; 8              ; Untyped                        ;
; LPM_NREPRESENTATION    ; SIGNED         ; Untyped                        ;
; LPM_DREPRESENTATION    ; SIGNED         ; Untyped                        ;
; LPM_PIPELINE           ; 0              ; Untyped                        ;
; LPM_REMAINDERPOSITIVE  ; FALSE          ; Untyped                        ;
; MAXIMIZE_SPEED         ; 5              ; Untyped                        ;
; CBXI_PARAMETER         ; lpm_divide_ivo ; Untyped                        ;
; CARRY_CHAIN            ; MANUAL         ; Untyped                        ;
; OPTIMIZE_FOR_SPEED     ; 5              ; Untyped                        ;
; AUTO_CARRY_CHAINS      ; ON             ; AUTO_CARRY                     ;
; IGNORE_CARRY_BUFFERS   ; OFF            ; IGNORE_CARRY                   ;
; AUTO_CASCADE_CHAINS    ; ON             ; AUTO_CASCADE                   ;
; IGNORE_CASCADE_BUFFERS ; OFF            ; IGNORE_CASCADE                 ;
+------------------------+----------------+--------------------------------+
Note: In order to hide this table in the UI and the text report file, please set the "Show Parameter Settings in Synthesis Report" option in "Analysis and Synthesis Settings -> More Settings" to "Off".


+--------------------------------------------------------------------------+
; Parameter Settings for Inferred Entity Instance: SYNC:C1|lpm_divide:Div1 ;
+------------------------+----------------+--------------------------------+
; Parameter Name         ; Value          ; Type                           ;
+------------------------+----------------+--------------------------------+
; LPM_WIDTHN             ; 12             ; Untyped                        ;
; LPM_WIDTHD             ; 8              ; Untyped                        ;
; LPM_NREPRESENTATION    ; SIGNED         ; Untyped                        ;
; LPM_DREPRESENTATION    ; SIGNED         ; Untyped                        ;
; LPM_PIPELINE           ; 0              ; Untyped                        ;
; LPM_REMAINDERPOSITIVE  ; FALSE          ; Untyped                        ;
; MAXIMIZE_SPEED         ; 5              ; Untyped                        ;
; CBXI_PARAMETER         ; lpm_divide_hvo ; Untyped                        ;
; CARRY_CHAIN            ; MANUAL         ; Untyped                        ;
; OPTIMIZE_FOR_SPEED     ; 5              ; Untyped                        ;
; AUTO_CARRY_CHAINS      ; ON             ; AUTO_CARRY                     ;
; IGNORE_CARRY_BUFFERS   ; OFF            ; IGNORE_CARRY                   ;
; AUTO_CASCADE_CHAINS    ; ON             ; AUTO_CASCADE                   ;
; IGNORE_CASCADE_BUFFERS ; OFF            ; IGNORE_CASCADE                 ;
+------------------------+----------------+--------------------------------+
Note: In order to hide this table in the UI and the text report file, please set the "Show Parameter Settings in Synthesis Report" option in "Analysis and Synthesis Settings -> More Settings" to "Off".


+--------------------------------------------------------------------------+
; Parameter Settings for Inferred Entity Instance: SYNC:C1|lpm_divide:Mod1 ;
+------------------------+----------------+--------------------------------+
; Parameter Name         ; Value          ; Type                           ;
+------------------------+----------------+--------------------------------+
; LPM_WIDTHN             ; 12             ; Untyped                        ;
; LPM_WIDTHD             ; 12             ; Untyped                        ;
; LPM_NREPRESENTATION    ; SIGNED         ; Untyped                        ;
; LPM_DREPRESENTATION    ; SIGNED         ; Untyped                        ;
; LPM_PIPELINE           ; 0              ; Untyped                        ;
; LPM_REMAINDERPOSITIVE  ; FALSE          ; Untyped                        ;
; MAXIMIZE_SPEED         ; 5              ; Untyped                        ;
; CBXI_PARAMETER         ; lpm_divide_voo ; Untyped                        ;
; CARRY_CHAIN            ; MANUAL         ; Untyped                        ;
; OPTIMIZE_FOR_SPEED     ; 5              ; Untyped                        ;
; AUTO_CARRY_CHAINS      ; ON             ; AUTO_CARRY                     ;
; IGNORE_CARRY_BUFFERS   ; OFF            ; IGNORE_CARRY                   ;
; AUTO_CASCADE_CHAINS    ; ON             ; AUTO_CASCADE                   ;
; IGNORE_CASCADE_BUFFERS ; OFF            ; IGNORE_CASCADE                 ;
+------------------------+----------------+--------------------------------+
Note: In order to hide this table in the UI and the text report file, please set the "Show Parameter Settings in Synthesis Report" option in "Analysis and Synthesis Settings -> More Settings" to "Off".


+--------------------------------------------------------------------------+
; Parameter Settings for Inferred Entity Instance: SYNC:C1|lpm_divide:Mod0 ;
+------------------------+----------------+--------------------------------+
; Parameter Name         ; Value          ; Type                           ;
+------------------------+----------------+--------------------------------+
; LPM_WIDTHN             ; 13             ; Untyped                        ;
; LPM_WIDTHD             ; 13             ; Untyped                        ;
; LPM_NREPRESENTATION    ; SIGNED         ; Untyped                        ;
; LPM_DREPRESENTATION    ; SIGNED         ; Untyped                        ;
; LPM_PIPELINE           ; 0              ; Untyped                        ;
; LPM_REMAINDERPOSITIVE  ; FALSE          ; Untyped                        ;
; MAXIMIZE_SPEED         ; 5              ; Untyped                        ;
; CBXI_PARAMETER         ; lpm_divide_1po ; Untyped                        ;
; CARRY_CHAIN            ; MANUAL         ; Untyped                        ;
; OPTIMIZE_FOR_SPEED     ; 5              ; Untyped                        ;
; AUTO_CARRY_CHAINS      ; ON             ; AUTO_CARRY                     ;
; IGNORE_CARRY_BUFFERS   ; OFF            ; IGNORE_CARRY                   ;
; AUTO_CASCADE_CHAINS    ; ON             ; AUTO_CASCADE                   ;
; IGNORE_CASCADE_BUFFERS ; OFF            ; IGNORE_CASCADE                 ;
+------------------------+----------------+--------------------------------+
Note: In order to hide this table in the UI and the text report file, please set the "Show Parameter Settings in Synthesis Report" option in "Analysis and Synthesis Settings -> More Settings" to "Off".


+--------------------------------------------------------------------------+
; Parameter Settings for Inferred Entity Instance: SYNC:C1|lpm_divide:Mod2 ;
+------------------------+----------------+--------------------------------+
; Parameter Name         ; Value          ; Type                           ;
+------------------------+----------------+--------------------------------+
; LPM_WIDTHN             ; 12             ; Untyped                        ;
; LPM_WIDTHD             ; 12             ; Untyped                        ;
; LPM_NREPRESENTATION    ; SIGNED         ; Untyped                        ;
; LPM_DREPRESENTATION    ; SIGNED         ; Untyped                        ;
; LPM_PIPELINE           ; 0              ; Untyped                        ;
; LPM_REMAINDERPOSITIVE  ; FALSE          ; Untyped                        ;
; MAXIMIZE_SPEED         ; 5              ; Untyped                        ;
; CBXI_PARAMETER         ; lpm_divide_voo ; Untyped                        ;
; CARRY_CHAIN            ; MANUAL         ; Untyped                        ;
; OPTIMIZE_FOR_SPEED     ; 5              ; Untyped                        ;
; AUTO_CARRY_CHAINS      ; ON             ; AUTO_CARRY                     ;
; IGNORE_CARRY_BUFFERS   ; OFF            ; IGNORE_CARRY                   ;
; AUTO_CASCADE_CHAINS    ; ON             ; AUTO_CASCADE                   ;
; IGNORE_CASCADE_BUFFERS ; OFF            ; IGNORE_CASCADE                 ;
+------------------------+----------------+--------------------------------+
Note: In order to hide this table in the UI and the text report file, please set the "Show Parameter Settings in Synthesis Report" option in "Analysis and Synthesis Settings -> More Settings" to "Off".


+--------------------------------------------------------------------------+
; Parameter Settings for Inferred Entity Instance: SYNC:C1|lpm_divide:Mod3 ;
+------------------------+----------------+--------------------------------+
; Parameter Name         ; Value          ; Type                           ;
+------------------------+----------------+--------------------------------+
; LPM_WIDTHN             ; 12             ; Untyped                        ;
; LPM_WIDTHD             ; 12             ; Untyped                        ;
; LPM_NREPRESENTATION    ; SIGNED         ; Untyped                        ;
; LPM_DREPRESENTATION    ; SIGNED         ; Untyped                        ;
; LPM_PIPELINE           ; 0              ; Untyped                        ;
; LPM_REMAINDERPOSITIVE  ; FALSE          ; Untyped                        ;
; MAXIMIZE_SPEED         ; 5              ; Untyped                        ;
; CBXI_PARAMETER         ; lpm_divide_voo ; Untyped                        ;
; CARRY_CHAIN            ; MANUAL         ; Untyped                        ;
; OPTIMIZE_FOR_SPEED     ; 5              ; Untyped                        ;
; AUTO_CARRY_CHAINS      ; ON             ; AUTO_CARRY                     ;
; IGNORE_CARRY_BUFFERS   ; OFF            ; IGNORE_CARRY                   ;
; AUTO_CASCADE_CHAINS    ; ON             ; AUTO_CASCADE                   ;
; IGNORE_CASCADE_BUFFERS ; OFF            ; IGNORE_CASCADE                 ;
+------------------------+----------------+--------------------------------+
Note: In order to hide this table in the UI and the text report file, please set the "Show Parameter Settings in Synthesis Report" option in "Analysis and Synthesis Settings -> More Settings" to "Off".


+-------------------------------------------------------+
; Port Connectivity Checks: "SYNC:C1"                   ;
+---------------------+-------+----------+--------------+
; Port                ; Type  ; Severity ; Details      ;
+---------------------+-------+----------+--------------+
; enemies[1][1][3..1] ; Input ; Info     ; Stuck at GND ;
; enemies[1][1][0]    ; Input ; Info     ; Stuck at VCC ;
; enemies[1][0][3]    ; Input ; Info     ; Stuck at GND ;
; enemies[1][0][2]    ; Input ; Info     ; Stuck at VCC ;
; enemies[1][0][1]    ; Input ; Info     ; Stuck at GND ;
; enemies[1][0][0]    ; Input ; Info     ; Stuck at VCC ;
; enemies[0][1]       ; Input ; Info     ; Stuck at GND ;
; enemies[0][0][1..0] ; Input ; Info     ; Stuck at VCC ;
; enemies[0][0][3..2] ; Input ; Info     ; Stuck at GND ;
; enemiesrunning      ; Input ; Info     ; Stuck at VCC ;
+---------------------+-------+----------+--------------+


+---------------------------------------------------------------------------------------------------------------------+
; Port Connectivity Checks: "pll:C|pll_altpll_0:altpll_0|pll_altpll_0_altpll_h542:sd1"                                ;
+-----------+--------+----------+-------------------------------------------------------------------------------------+
; Port      ; Type   ; Severity ; Details                                                                             ;
+-----------+--------+----------+-------------------------------------------------------------------------------------+
; clk[4..1] ; Output ; Info     ; Connected to dangling logic. Logic that only feeds a dangling port will be removed. ;
; inclk[1]  ; Input  ; Info     ; Stuck at GND                                                                        ;
+-----------+--------+----------+-------------------------------------------------------------------------------------+


+---------------------------------------------------------------------------------------------------------------------+
; Port Connectivity Checks: "pll:C|pll_altpll_0:altpll_0"                                                             ;
+-----------+--------+----------+-------------------------------------------------------------------------------------+
; Port      ; Type   ; Severity ; Details                                                                             ;
+-----------+--------+----------+-------------------------------------------------------------------------------------+
; readdata  ; Output ; Info     ; Connected to dangling logic. Logic that only feeds a dangling port will be removed. ;
; locked    ; Output ; Info     ; Connected to dangling logic. Logic that only feeds a dangling port will be removed. ;
; phasedone ; Output ; Info     ; Connected to dangling logic. Logic that only feeds a dangling port will be removed. ;
+-----------+--------+----------+-------------------------------------------------------------------------------------+


+-------------------------------------------------------------------------------------------------------------------+
; Port Connectivity Checks: "single_pulse_debounce:dbc"                                                             ;
+---------+--------+----------+-------------------------------------------------------------------------------------+
; Port    ; Type   ; Severity ; Details                                                                             ;
+---------+--------+----------+-------------------------------------------------------------------------------------+
; key_out ; Output ; Info     ; Connected to dangling logic. Logic that only feeds a dangling port will be removed. ;
+---------+--------+----------+-------------------------------------------------------------------------------------+


+-------------------------------+
; Elapsed Time Per Partition    ;
+----------------+--------------+
; Partition Name ; Elapsed Time ;
+----------------+--------------+
; Top            ; 00:00:04     ;
+----------------+--------------+


+-------------------------------+
; Analysis & Synthesis Messages ;
+-------------------------------+
Info: *******************************************************************
Info: Running Quartus II 64-Bit Analysis & Synthesis
    Info: Version 13.1.0 Build 162 10/23/2013 SJ Web Edition
    Info: Processing started: Sat Jul 06 22:55:06 2019
Info: Command: quartus_map --read_settings_files=on --write_settings_files=off VGA -c VGA
Warning (20028): Parallel compilation is not licensed and has been disabled
Info (12021): Found 2 design units, including 1 entities, in source file single_pulse_debounce.vhd
    Info (12022): Found design unit 1: single_pulse_debounce-single_pulse_debounce
    Info (12023): Found entity 1: single_pulse_debounce
Info (12021): Found 1 design units, including 0 entities, in source file spaceinvadersconstants.vhd
    Info (12022): Found design unit 1: spaceInvadersConstants
Info (12021): Found 2 design units, including 1 entities, in source file pll/synthesis/pll.vhd
    Info (12022): Found design unit 1: pll-rtl
    Info (12023): Found entity 1: pll
Info (12021): Found 4 design units, including 4 entities, in source file pll/synthesis/submodules/pll_altpll_0.v
    Info (12023): Found entity 1: pll_altpll_0_dffpipe_l2c
    Info (12023): Found entity 2: pll_altpll_0_stdsync_sv6
    Info (12023): Found entity 3: pll_altpll_0_altpll_h542
    Info (12023): Found entity 4: pll_altpll_0
Info (12021): Found 2 design units, including 1 entities, in source file vga.vhd
    Info (12022): Found design unit 1: VGA-MAIN
    Info (12023): Found entity 1: VGA
Info (12021): Found 2 design units, including 1 entities, in source file vhdl2.vhd
    Info (12022): Found design unit 1: SYNC-MAIN
    Info (12023): Found entity 1: SYNC
Info (12021): Found 2 design units, including 0 entities, in source file pcg.vhd
    Info (12022): Found design unit 1: MY
    Info (12022): Found design unit 2: MY-body
Info (12127): Elaborating entity "VGA" for the top level hierarchy
Warning (10492): VHDL Process Statement warning at VGA.vhd(62): signal "RESET" is read inside the Process Statement but isn't in the Process Statement's sensitivity list
Info (10008): Verilog HDL or VHDL information: EDA Netlist Writer cannot regroup multidimensional array "enemies" into its bus
Info (10008): Verilog HDL or VHDL information: EDA Netlist Writer cannot regroup multidimensional array "players" into its bus
Info (12128): Elaborating entity "single_pulse_debounce" for hierarchy "single_pulse_debounce:dbc"
Info (12128): Elaborating entity "pll" for hierarchy "pll:C"
Info (12128): Elaborating entity "pll_altpll_0" for hierarchy "pll:C|pll_altpll_0:altpll_0"
Info (12128): Elaborating entity "pll_altpll_0_stdsync_sv6" for hierarchy "pll:C|pll_altpll_0:altpll_0|pll_altpll_0_stdsync_sv6:stdsync2"
Info (12128): Elaborating entity "pll_altpll_0_dffpipe_l2c" for hierarchy "pll:C|pll_altpll_0:altpll_0|pll_altpll_0_stdsync_sv6:stdsync2|pll_altpll_0_dffpipe_l2c:dffpipe3"
Info (12128): Elaborating entity "pll_altpll_0_altpll_h542" for hierarchy "pll:C|pll_altpll_0:altpll_0|pll_altpll_0_altpll_h542:sd1"
Info (12128): Elaborating entity "SYNC" for hierarchy "SYNC:C1"
Warning (10492): VHDL Process Statement warning at Vhdl2.vhd(66): signal "RST" is read inside the Process Statement but isn't in the Process Statement's sensitivity list
Info (10008): Verilog HDL or VHDL information: EDA Netlist Writer cannot regroup multidimensional array "enemies" into its bus
Info (10008): Verilog HDL or VHDL information: EDA Netlist Writer cannot regroup multidimensional array "players" into its bus
Info (10008): Verilog HDL or VHDL information: EDA Netlist Writer cannot regroup multidimensional array "enemies" into its bus
Info (10008): Verilog HDL or VHDL information: EDA Netlist Writer cannot regroup multidimensional array "players" into its bus
Info (278001): Inferred 6 megafunctions from design logic
    Info (278004): Inferred divider/modulo megafunction ("lpm_divide") from the following logic: "SYNC:C1|Div0"
    Info (278004): Inferred divider/modulo megafunction ("lpm_divide") from the following logic: "SYNC:C1|Div1"
    Info (278004): Inferred divider/modulo megafunction ("lpm_divide") from the following logic: "SYNC:C1|Mod1"
    Info (278004): Inferred divider/modulo megafunction ("lpm_divide") from the following logic: "SYNC:C1|Mod0"
    Info (278004): Inferred divider/modulo megafunction ("lpm_divide") from the following logic: "SYNC:C1|Mod2"
    Info (278004): Inferred divider/modulo megafunction ("lpm_divide") from the following logic: "SYNC:C1|Mod3"
Info (12130): Elaborated megafunction instantiation "SYNC:C1|lpm_divide:Div0"
Info (12133): Instantiated megafunction "SYNC:C1|lpm_divide:Div0" with the following parameter:
    Info (12134): Parameter "LPM_WIDTHN" = "13"
    Info (12134): Parameter "LPM_WIDTHD" = "8"
    Info (12134): Parameter "LPM_NREPRESENTATION" = "SIGNED"
    Info (12134): Parameter "LPM_DREPRESENTATION" = "SIGNED"
    Info (12134): Parameter "LPM_HINT" = "LPM_REMAINDERPOSITIVE=FALSE"
Info (12021): Found 1 design units, including 1 entities, in source file db/lpm_divide_ivo.tdf
    Info (12023): Found entity 1: lpm_divide_ivo
Info (12021): Found 1 design units, including 1 entities, in source file db/abs_divider_mbg.tdf
    Info (12023): Found entity 1: abs_divider_mbg
Info (12021): Found 1 design units, including 1 entities, in source file db/alt_u_div_16f.tdf
    Info (12023): Found entity 1: alt_u_div_16f
Info (12021): Found 1 design units, including 1 entities, in source file db/add_sub_unc.tdf
    Info (12023): Found entity 1: add_sub_unc
Info (12021): Found 1 design units, including 1 entities, in source file db/add_sub_vnc.tdf
    Info (12023): Found entity 1: add_sub_vnc
Info (12021): Found 1 design units, including 1 entities, in source file db/lpm_abs_st9.tdf
    Info (12023): Found entity 1: lpm_abs_st9
Info (12021): Found 1 design units, including 1 entities, in source file db/lpm_abs_8v9.tdf
    Info (12023): Found entity 1: lpm_abs_8v9
Info (12130): Elaborated megafunction instantiation "SYNC:C1|lpm_divide:Div1"
Info (12133): Instantiated megafunction "SYNC:C1|lpm_divide:Div1" with the following parameter:
    Info (12134): Parameter "LPM_WIDTHN" = "12"
    Info (12134): Parameter "LPM_WIDTHD" = "8"
    Info (12134): Parameter "LPM_NREPRESENTATION" = "SIGNED"
    Info (12134): Parameter "LPM_DREPRESENTATION" = "SIGNED"
    Info (12134): Parameter "LPM_HINT" = "LPM_REMAINDERPOSITIVE=FALSE"
Info (12021): Found 1 design units, including 1 entities, in source file db/lpm_divide_hvo.tdf
    Info (12023): Found entity 1: lpm_divide_hvo
Info (12021): Found 1 design units, including 1 entities, in source file db/abs_divider_lbg.tdf
    Info (12023): Found entity 1: abs_divider_lbg
Info (12021): Found 1 design units, including 1 entities, in source file db/alt_u_div_v5f.tdf
    Info (12023): Found entity 1: alt_u_div_v5f
Info (12021): Found 1 design units, including 1 entities, in source file db/lpm_abs_7v9.tdf
    Info (12023): Found entity 1: lpm_abs_7v9
Info (12130): Elaborated megafunction instantiation "SYNC:C1|lpm_divide:Mod1"
Info (12133): Instantiated megafunction "SYNC:C1|lpm_divide:Mod1" with the following parameter:
    Info (12134): Parameter "LPM_WIDTHN" = "12"
    Info (12134): Parameter "LPM_WIDTHD" = "12"
    Info (12134): Parameter "LPM_NREPRESENTATION" = "SIGNED"
    Info (12134): Parameter "LPM_DREPRESENTATION" = "SIGNED"
    Info (12134): Parameter "LPM_HINT" = "LPM_REMAINDERPOSITIVE=FALSE"
Info (12021): Found 1 design units, including 1 entities, in source file db/lpm_divide_voo.tdf
    Info (12023): Found entity 1: lpm_divide_voo
Info (12021): Found 1 design units, including 1 entities, in source file db/abs_divider_0dg.tdf
    Info (12023): Found entity 1: abs_divider_0dg
Info (12021): Found 1 design units, including 1 entities, in source file db/alt_u_div_l8f.tdf
    Info (12023): Found entity 1: alt_u_div_l8f
Info (12130): Elaborated megafunction instantiation "SYNC:C1|lpm_divide:Mod0"
Info (12133): Instantiated megafunction "SYNC:C1|lpm_divide:Mod0" with the following parameter:
    Info (12134): Parameter "LPM_WIDTHN" = "13"
    Info (12134): Parameter "LPM_WIDTHD" = "13"
    Info (12134): Parameter "LPM_NREPRESENTATION" = "SIGNED"
    Info (12134): Parameter "LPM_DREPRESENTATION" = "SIGNED"
    Info (12134): Parameter "LPM_HINT" = "LPM_REMAINDERPOSITIVE=FALSE"
Info (12021): Found 1 design units, including 1 entities, in source file db/lpm_divide_1po.tdf
    Info (12023): Found entity 1: lpm_divide_1po
Info (12021): Found 1 design units, including 1 entities, in source file db/abs_divider_2dg.tdf
    Info (12023): Found entity 1: abs_divider_2dg
Info (12021): Found 1 design units, including 1 entities, in source file db/alt_u_div_p8f.tdf
    Info (12023): Found entity 1: alt_u_div_p8f
Info (12130): Elaborated megafunction instantiation "SYNC:C1|lpm_divide:Mod2"
Info (12133): Instantiated megafunction "SYNC:C1|lpm_divide:Mod2" with the following parameter:
    Info (12134): Parameter "LPM_WIDTHN" = "12"
    Info (12134): Parameter "LPM_WIDTHD" = "12"
    Info (12134): Parameter "LPM_NREPRESENTATION" = "SIGNED"
    Info (12134): Parameter "LPM_DREPRESENTATION" = "SIGNED"
    Info (12134): Parameter "LPM_HINT" = "LPM_REMAINDERPOSITIVE=FALSE"
Info (12130): Elaborated megafunction instantiation "SYNC:C1|lpm_divide:Mod3"
Info (12133): Instantiated megafunction "SYNC:C1|lpm_divide:Mod3" with the following parameter:
    Info (12134): Parameter "LPM_WIDTHN" = "12"
    Info (12134): Parameter "LPM_WIDTHD" = "12"
    Info (12134): Parameter "LPM_NREPRESENTATION" = "SIGNED"
    Info (12134): Parameter "LPM_DREPRESENTATION" = "SIGNED"
    Info (12134): Parameter "LPM_HINT" = "LPM_REMAINDERPOSITIVE=FALSE"
Info (13014): Ignored 68 buffer(s)
    Info (13016): Ignored 68 CARRY_SUM buffer(s)
Info (13000): Registers with preset signals will power-up high
Info (13003): DEV_CLRn pin will set, and not reset, register with preset signal due to NOT Gate Push-Back
Info (286030): Timing-Driven Synthesis is running
Info (17016): Found the following redundant logic cells in design
    Info (17048): Logic cell "SYNC:C1|lpm_divide:Div0|lpm_divide_ivo:auto_generated|abs_divider_mbg:divider|alt_u_div_16f:divider|add_sub_7_result_int[3]~10"
    Info (17048): Logic cell "SYNC:C1|lpm_divide:Div0|lpm_divide_ivo:auto_generated|abs_divider_mbg:divider|alt_u_div_16f:divider|add_sub_7_result_int[2]~12"
    Info (17048): Logic cell "SYNC:C1|lpm_divide:Div0|lpm_divide_ivo:auto_generated|abs_divider_mbg:divider|alt_u_div_16f:divider|add_sub_7_result_int[1]~14"
    Info (17048): Logic cell "SYNC:C1|lpm_divide:Mod0|lpm_divide_1po:auto_generated|abs_divider_2dg:divider|alt_u_div_p8f:divider|add_sub_7_result_int[3]~10"
    Info (17048): Logic cell "SYNC:C1|lpm_divide:Mod0|lpm_divide_1po:auto_generated|abs_divider_2dg:divider|alt_u_div_p8f:divider|add_sub_7_result_int[2]~12"
    Info (17048): Logic cell "SYNC:C1|lpm_divide:Mod0|lpm_divide_1po:auto_generated|abs_divider_2dg:divider|alt_u_div_p8f:divider|add_sub_7_result_int[1]~14"
Info (16010): Generating hard_block partition "hard_block:auto_generated_inst"
    Info (16011): Adding 1 node(s), including 0 DDIO, 1 PLL, 0 transceiver and 0 LCELL
Warning (21074): Design contains 5 input pin(s) that do not drive logic
    Warning (15610): No output dependent on input pin "SW[0]"
    Warning (15610): No output dependent on input pin "SW[1]"
    Warning (15610): No output dependent on input pin "KEY[0]"
    Warning (15610): No output dependent on input pin "KEY[2]"
    Warning (15610): No output dependent on input pin "KEY[3]"
Info (21057): Implemented 1625 device resources after synthesis - the final resource count might be different
    Info (21058): Implemented 8 input pins
    Info (21059): Implemented 14 output pins
    Info (21061): Implemented 1602 logic cells
    Info (21065): Implemented 1 PLLs
Info: Quartus II 64-Bit Analysis & Synthesis was successful. 0 errors, 9 warnings
    Info: Peak virtual memory: 4696 megabytes
    Info: Processing ended: Sat Jul 06 22:55:12 2019
    Info: Elapsed time: 00:00:06
    Info: Total CPU time (on all processors): 00:00:06


